Environment:


Request Method: GET
Request URL: http://serverkiller.net/tracker/announce/?info_hash=%b8%ea%18K%a5%08%3c%8cpa%fc%e7%7f%c8%b6%b5%b4%bb%5e%8f&peer_id=-DE1330-WKrZ)QeldS2U&port=51829&uploaded=0&downloaded=0&left=0&corrupt=0&redundant=0&compact=1&numwant=200&key=ca9cf11e&no_peer_id=1&supportcrypto=1&event=started

Django Version: 1.3.1
Python Version: 2.7.2
Installed Applications:
['django.contrib.auth',
 'django.contrib.contenttypes',
 'django.contrib.sessions',
 'django.contrib.sites',
 'django.contrib.messages',
 'django.contrib.staticfiles',
 'django.contrib.admin',
 'tracker',
 'board']
Installed Middleware:
('django.middleware.common.CommonMiddleware',
 'django.contrib.sessions.middleware.SessionMiddleware',
 'django.middleware.csrf.CsrfViewMiddleware',
 'django.contrib.auth.middleware.AuthenticationMiddleware',
 'django.contrib.messages.middleware.MessageMiddleware',
 'djangobytes.board.middleware.RequireLoginMiddleware',
 'djangobytes.board.middleware.RequireStaffMiddleware')


Traceback:
File "/home/tracker/DjangoBytes/dev/local/lib/python2.7/site-packages/django/core/handlers/base.py" in get_response
  111.                         response = callback(request, *callback_args, **callback_kwargs)
File "/home/tracker/DjangoBytes/djangobytes/../djangobytes/tracker/views.py" in announce
  123.     return HttpResponse(bencode(response_dict))
File "/home/tracker/DjangoBytes/dev/local/lib/python2.7/site-packages/bencode/__init__.py" in bencode
  130.     encode_func[type(x)](x, r)
File "/home/tracker/DjangoBytes/dev/local/lib/python2.7/site-packages/bencode/__init__.py" in encode_dict
  110.         encode_func[type(v)](v, r)
File "/home/tracker/DjangoBytes/dev/local/lib/python2.7/site-packages/bencode/__init__.py" in encode_list
  101.         encode_func[type(i)](i, r)
File "/home/tracker/DjangoBytes/dev/local/lib/python2.7/site-packages/bencode/__init__.py" in encode_dict
  110.         encode_func[type(v)](v, r)

Exception Type: KeyError at /tracker/announce/
Exception Value: <type 'unicode'>

